Release 8.1i - xst I.24
Copyright (c) 1995-2005 Xilinx, Inc.  All rights reserved.
--> Parameter TMPDIR set to ./xst/projnav.tmp
CPU : 0.00 / 0.15 s | Elapsed : 0.00 / 1.00 s
 
--> Parameter xsthdpdir set to ./xst
CPU : 0.00 / 0.15 s | Elapsed : 0.00 / 1.00 s
 
--> Reading design: Algorithm3.prj

TABLE OF CONTENTS
  1) Synthesis Options Summary
  2) HDL Compilation
  3) HDL Analysis
  4) HDL Synthesis
     4.1) HDL Synthesis Report
  5) Advanced HDL Synthesis
     5.1) Advanced HDL Synthesis Report
  6) Low Level Synthesis
  7) Final Report
     7.1) Device utilization summary
     7.2) TIMING REPORT


=========================================================================
*                      Synthesis Options Summary                        *
=========================================================================
---- Source Parameters
Input File Name                    : "Algorithm3.prj"
Input Format                       : mixed
Ignore Synthesis Constraint File   : NO

---- Target Parameters
Output File Name                   : "Algorithm3"
Output Format                      : NGC
Target Device                      : xc3s200-5-pq208

---- Source Options
Top Module Name                    : Algorithm3
Automatic FSM Extraction           : YES
FSM Encoding Algorithm             : Auto
FSM Style                          : lut
RAM Extraction                     : Yes
RAM Style                          : Auto
ROM Extraction                     : Yes
Mux Style                          : Auto
Decoder Extraction                 : YES
Priority Encoder Extraction        : YES
Shift Register Extraction          : YES
Logical Shifter Extraction         : YES
XOR Collapsing                     : YES
ROM Style                          : Auto
Mux Extraction                     : YES
Resource Sharing                   : YES
Multiplier Style                   : auto
Automatic Register Balancing       : No

---- Target Options
Add IO Buffers                     : YES
Global Maximum Fanout              : 500
Add Generic Clock Buffer(BUFG)     : 8
Register Duplication               : YES
Slice Packing                      : YES
Pack IO Registers into IOBs        : auto
Equivalent register Removal        : YES

---- General Options
Optimization Goal                  : Speed
Optimization Effort                : 1
Keep Hierarchy                     : NO
RTL Output                         : Yes
Global Optimization                : AllClockNets
Write Timing Constraints           : NO
Hierarchy Separator                : /
Bus Delimiter                      : <>
Case Specifier                     : maintain
Slice Utilization Ratio            : 100
Slice Utilization Ratio Delta      : 5

---- Other Options
lso                                : Algorithm3.lso
Read Cores                         : YES
cross_clock_analysis               : NO
verilog2001                        : YES
safe_implementation                : No
Optimize Instantiated Primitives   : NO
use_clock_enable                   : Yes
use_sync_set                       : Yes
use_sync_reset                     : Yes

=========================================================================


=========================================================================
*                          HDL Compilation                              *
=========================================================================
Compiling verilog file "Algorithm3.v" in library work
Module <Algorithm3> compiled
No errors in compilation
Analysis of file <"Algorithm3.prj"> succeeded.
 

=========================================================================
*                            HDL Analysis                               *
=========================================================================
Analyzing top module <Algorithm3>.
Module <Algorithm3> is correct for synthesis.
 

=========================================================================
*                           HDL Synthesis                               *
=========================================================================

Synthesizing Unit <Algorithm3>.
    Related source file is "Algorithm3.v".
WARNING:Xst:646 - Signal <max_val> is assigned but never used.
    Found 4-bit comparator greater for signal <$n0000> created at line 31.
    Found 4-bit comparator greater for signal <$n0001> created at line 35.
    Found 4-bit comparator greater for signal <$n0002> created at line 39.
    Found 4-bit comparator equal for signal <$n0003> created at line 28.
    Found 4-bit comparator equal for signal <$n0004> created at line 28.
    Found 4-bit comparator equal for signal <$n0005> created at line 28.
    Summary:
	inferred   6 Comparator(s).
Unit <Algorithm3> synthesized.


=========================================================================
HDL Synthesis Report

Macro Statistics
# Comparators                                          : 6
 4-bit comparator equal                                : 3
 4-bit comparator greater                              : 3

=========================================================================

=========================================================================
*                       Advanced HDL Synthesis                          *
=========================================================================


=========================================================================
Advanced HDL Synthesis Report

Macro Statistics
# Comparators                                          : 6
 4-bit comparator equal                                : 3
 4-bit comparator greater                              : 3

=========================================================================

=========================================================================
*                         Low Level Synthesis                           *
=========================================================================
Loading device for application Rf_Device from file '3s200.nph' in environment C:\Xilinx.

Optimizing unit <Algorithm3> ...

Mapping all equations...
Building and optimizing final netlist ...
Found area constraint ratio of 100 (+ 5) on block Algorithm3, actual ratio is 1.

=========================================================================
*                            Final Report                               *
=========================================================================
Final Results
RTL Top Level Output File Name     : Algorithm3.ngr
Top Level Output File Name         : Algorithm3
Output Format                      : NGC
Optimization Goal                  : Speed
Keep Hierarchy                     : NO

Design Statistics
# IOs                              : 20

Cell Usage :
# BELS                             : 30
#      LUT2                        : 1
#      LUT3                        : 7
#      LUT4                        : 20
#      MUXF5                       : 2
# IO Buffers                       : 20
#      IBUF                        : 16
#      OBUF                        : 4
=========================================================================

Device utilization summary:
---------------------------

Selected Device : 3s200pq208-5 

 Number of Slices:                      16  out of   1920     0%  
 Number of 4 input LUTs:                28  out of   3840     0%  
 Number of bonded IOBs:                 20  out of    141    14%  


=========================================================================
TIMING REPORT

NOTE: THESE TIMING NUMBERS ARE ONLY A SYNTHESIS ESTIMATE.
      FOR ACCURATE TIMING INFORMATION PLEASE REFER TO THE TRACE REPORT
      GENERATED AFTER PLACE-and-ROUTE.

Clock Information:
------------------
No clock signals found in this design

Timing Summary:
---------------
Speed Grade: -5

   Minimum period: No path found
   Minimum input arrival time before clock: No path found
   Maximum output required time after clock: No path found
   Maximum combinational path delay: 20.365ns

Timing Detail:
--------------
All values displayed in nanoseconds (ns)

=========================================================================
Timing constraint: Default path analysis
  Total number of paths / destination ports: 628 / 4
-------------------------------------------------------------------------
Delay:               20.365ns (Levels of Logic = 12)
  Source:            b<1> (PAD)
  Destination:       cgt (PAD)

  Data Path: b<1> to cgt
                                Gate     Net
    Cell:in->out      fanout   Delay   Delay  Logical Name (Net Name)
    ----------------------------------------  ------------
     IBUF:I->O             4   0.715   1.074  b_1_IBUF (b_1_IBUF)
     LUT4:I0->O            1   0.479   0.976  _n0000137 (N108)
     LUT3:I0->O            3   0.479   0.830  _n0000182_SW1 (N364)
     LUT3:I2->O            7   0.479   1.201  _n0000182 (N131)
     LUT4:I0->O            1   0.479   0.740  _n0001128 (N226)
     LUT3:I2->O            1   0.479   0.976  _n0001147 (N241)
     LUT4:I0->O            1   0.479   0.704  _n00011116_SW0 (N366)
     LUT4:I3->O            5   0.479   0.783  _n00011116 (N260)
     MUXF5:S->O            1   0.540   0.851  _n0002134 (N62)
     LUT4:I1->O            4   0.479   1.074  _n0002160 (N72)
     LUT4:I0->O            1   0.479   0.681  cgt1 (cgt_OBUF)
     OBUF:I->O                 4.909          cgt_OBUF (cgt)
    ----------------------------------------
    Total                     20.365ns (10.475ns logic, 9.890ns route)
                                       (51.4% logic, 48.6% route)

=========================================================================
CPU : 2.90 / 3.07 s | Elapsed : 2.00 / 3.00 s
 
--> 

Total memory usage is 157380 kilobytes

Number of errors   :    0 (   0 filtered)
Number of warnings :    1 (   0 filtered)
Number of infos    :    0 (   0 filtered)

