 command line:
   ./Test_isim_beh.exe
     -intstyle  ise
     -ipchost  localhost
     -ipcport  56681

Sat May 06 09:46:17 2023

Total Line Count = 71

 Elaboration time 0.046875 sec.

 Estimate current memory usage 72.9866 Meg. 

 Total signals 12
 Total nets 32
 Total signal drivers 6
 Total blocks 4
 Total primitive blocks 3
 Total processes 11
ntrace select -o on -n /Test/largest 
ntrace select -o on -n /Test/input1 
ntrace select -o on -n /Test/input2 
ntrace select -o on -n /Test/TX_ERROR 
ntrace start 
run all 
Simulator is doing circuit initialization process.
Finished circuit initialization process.
